{
  "RSpec": {
    "coverage": {
      "/home/singh/Documents/Projects/gsingh95/tasks/r011/beancounting.rb": [
        null,
        1,
        null,
        null,
        1,
        1,
        null,
        1,
        3,
        3,
        3,
        3,
        3,
        null,
        null,
        1,
        1,
        null,
        null,
        1,
        4,
        null,
        null,
        20,
        16,
        16,
        null,
        null,
        1,
        1,
        1,
        null,
        1,
        3,
        null,
        3,
        null,
        3,
        4,
        4,
        null,
        4,
        2,
        2,
        2,
        null,
        null,
        null,
        null,
        null,
        1,
        0,
        null,
        null,
        1,
        0,
        null,
        0,
        0,
        null,
        0,
        0,
        null,
        null,
        null,
        0,
        null,
        null
      ],
      "/home/singh/Documents/Projects/gsingh95/tasks/r011/spec/beancounting_spec.rb": [
        1,
        null,
        1,
        1,
        1,
        null,
        1,
        null,
        null,
        1,
        1,
        null,
        1,
        null,
        1,
        null,
        null,
        1,
        1,
        null,
        1,
        null,
        1,
        1,
        null,
        1,
        null,
        null
      ]
    },
    "timestamp": 1512414373
  }
}
