{
  "RSpec": {
    "coverage": {
      "/home/singh/Documents/Projects/gsingh95/tasks/r008/lib/nim.rb": [
        null,
        null,
        null,
        null,
        null,
        1,
        1,
        null,
        11,
        9,
        2,
        2,
        2,
        null,
        0,
        null,
        11,
        11,
        11,
        11,
        11,
        11,
        11,
        11,
        11,
        11,
        null,
        1,
        1,
        null,
        1,
        4,
        null,
        1,
        2,
        null,
        1,
        1,
        null,
        1,
        2,
        null,
        1,
        4,
        null,
        1,
        2,
        null,
        1,
        1,
        1,
        1,
        1,
        1,
        1,
        1,
        1,
        1,
        null,
        1,
        1,
        1,
        1,
        1,
        1,
        1,
        1,
        null,
        null,
        1,
        1,
        1,
        0,
        null,
        1,
        1,
        null,
        null,
        1,
        1,
        1,
        null,
        0,
        null,
        1,
        null,
        null,
        1,
        2,
        1,
        1,
        1,
        null,
        1,
        1,
        1,
        null,
        null,
        1,
        0,
        0,
        null,
        0,
        null,
        null,
        null,
        1,
        4,
        null,
        1,
        1,
        1,
        4,
        4,
        16,
        16,
        null,
        4,
        4,
        null,
        null,
        1,
        1,
        1,
        1,
        1,
        0,
        0,
        null,
        1,
        1,
        null,
        null,
        1,
        1,
        1,
        null,
        0,
        null,
        1,
        1,
        2,
        2,
        null,
        1,
        1,
        1,
        1,
        null,
        1,
        0,
        null,
        null,
        null,
        1,
        1,
        13,
        13,
        13,
        13,
        null,
        1,
        2,
        null,
        1,
        2,
        null,
        1,
        null,
        null,
        2,
        4,
        4,
        4,
        4,
        16,
        16,
        16,
        16,
        16,
        0,
        null,
        null,
        0,
        null,
        null,
        null,
        null,
        null,
        1,
        1,
        1,
        0,
        null,
        1,
        1,
        1,
        1,
        1,
        1,
        1,
        null,
        null,
        1,
        20,
        20,
        null,
        20,
        null,
        75,
        75,
        null,
        null,
        20,
        80,
        80,
        300,
        127,
        null,
        null,
        80,
        51,
        null,
        29,
        null,
        null,
        20,
        17,
        null,
        3,
        null,
        null,
        null,
        1,
        1,
        1,
        1,
        73,
        2,
        2,
        null,
        null,
        null,
        null,
        null,
        null,
        1,
        0,
        0,
        0,
        0,
        0,
        0,
        0,
        0,
        0,
        0,
        0,
        null,
        null,
        0,
        null,
        null,
        null
      ],
      "/home/singh/Documents/Projects/gsingh95/tasks/r008/spec/nim_spec.rb": [
        1,
        1,
        1,
        null,
        1,
        1,
        9,
        null,
        null,
        null,
        null,
        1,
        1,
        1,
        1,
        null,
        null,
        null,
        1,
        1,
        null,
        null,
        1,
        1,
        null,
        null,
        1,
        1,
        null,
        null,
        1,
        2,
        null,
        null,
        null,
        null,
        null,
        null,
        null,
        null,
        1,
        null,
        null,
        1,
        1,
        2,
        null,
        null,
        null,
        null,
        1,
        null,
        null,
        1,
        1,
        2,
        1,
        null,
        null,
        1,
        1,
        1,
        null,
        1,
        1,
        null,
        1,
        null,
        1,
        1,
        1,
        1,
        null,
        null,
        null,
        1,
        1,
        1,
        null,
        1,
        1,
        null,
        1,
        null,
        1,
        1,
        1,
        null,
        null,
        null
      ],
      "/home/singh/Documents/Projects/gsingh95/tasks/r008/spec/fake_io.rb": [
        null,
        1,
        null,
        1,
        null,
        1,
        3,
        3,
        null,
        null,
        1,
        9,
        null,
        null,
        1,
        13,
        8,
        null,
        5,
        null,
        null,
        null,
        1,
        29,
        null,
        null,
        1,
        3,
        3,
        3,
        null,
        3,
        null,
        3,
        null,
        3,
        3,
        null,
        null
      ]
    },
    "timestamp": 1512026501
  }
}
