{
  "RSpec": {
    "coverage": {
      "/home/singh/Documents/Projects/CS4472/tasks/r007/lib/quicksort_median_of_three.rb": [
        1,
        null,
        1,
        null,
        1,
        39,
        38,
        37,
        37,
        null,
        null,
        38,
        null,
        null,
        1,
        39,
        39,
        null,
        38,
        null,
        38,
        null,
        38,
        202,
        125,
        125,
        null,
        null,
        null,
        38,
        38,
        null,
        38,
        null,
        null,
        1,
        41,
        null,
        41,
        3,
        3,
        null,
        38,
        33,
        null,
        null,
        3,
        null,
        null,
        1,
        0,
        null,
        0,
        null,
        0,
        null,
        0,
        null,
        null
      ],
      "/home/singh/Documents/Projects/CS4472/tasks/r007/lib/quicksort_median_of_three/version.rb": [
        1,
        1,
        null
      ]
    },
    "timestamp": 1510785830
  }
}
