{
  "RSpec": {
    "coverage": {
      "/home/singh/Documents/Projects/CS4472/tasks/r006/spec/array_watcher_spec.rb": [
        1,
        1,
        null,
        1,
        1,
        1,
        1,
        null,
        null,
        1,
        1,
        1,
        null,
        null,
        1,
        1,
        1,
        null,
        null,
        1,
        1,
        1,
        null,
        null,
        1,
        1,
        1,
        1,
        null,
        null,
        1,
        1,
        1,
        1,
        1,
        1,
        1,
        null,
        null
      ],
      "/home/singh/Documents/Projects/CS4472/tasks/r006/array_watcher.rb": [
        null,
        null,
        1,
        null,
        1,
        null,
        1,
        7,
        7,
        null,
        null,
        1,
        3,
        null,
        null,
        1,
        15,
        15,
        null,
        null,
        1,
        6,
        6,
        null,
        null
      ],
      "/home/singh/Documents/Projects/CS4472/tasks/r006/spec/heap_sort_spec.rb": [
        1,
        1,
        1,
        null,
        1,
        1,
        1,
        null,
        null,
        1,
        1,
        null,
        null,
        null,
        null,
        null,
        null,
        null,
        null,
        null,
        1,
        null,
        null,
        null,
        1,
        1,
        1,
        null,
        1,
        null,
        0,
        null,
        null,
        null
      ],
      "/home/singh/Documents/Projects/CS4472/tasks/r006/heap_sort.rb": [
        null,
        1,
        1,
        null,
        1,
        3,
        null,
        null,
        1,
        3,
        null,
        3,
        null,
        3,
        null,
        2,
        null,
        null,
        1,
        3,
        11,
        null,
        10,
        10,
        null,
        null,
        null,
        1,
        3,
        null,
        3,
        null,
        3,
        9,
        9,
        null,
        null,
        null,
        1,
        19,
        22,
        null,
        22,
        null,
        22,
        null,
        15,
        null,
        15,
        null,
        null,
        null,
        1,
        22,
        22,
        null,
        22,
        14,
        null,
        null,
        22,
        8,
        null,
        null,
        22,
        null,
        null,
        1,
        26,
        null,
        null,
        null
      ]
    },
    "timestamp": 1510182783
  }
}
