{
  "RSpec": {
    "coverage": {
      "/home/singh/Documents/Projects/gsingh95/tasks/r008/lib/nim.rb": [
        null,
        null,
        null,
        null,
        null,
        1,
        1,
        null,
        5,
        5,
        0,
        0,
        0,
        null,
        0,
        null,
        5,
        5,
        5,
        5,
        5,
        5,
        5,
        5,
        5,
        5,
        null,
        1,
        1,
        null,
        1,
        4,
        null,
        1,
        0,
        null,
        1,
        0,
        null,
        1,
        0,
        null,
        1,
        0,
        null,
        1,
        0,
        null,
        1,
        1,
        1,
        1,
        1,
        1,
        1,
        2085842,
        2085842,
        null,
        0,
        0,
        0,
        0,
        0,
        0,
        0,
        null,
        0,
        null,
        1,
        1,
        1,
        0,
        null,
        1,
        1,
        null,
        null,
        1,
        1,
        1,
        null,
        0,
        null,
        1,
        null,
        null,
        1,
        0,
        0,
        0,
        0,
        null,
        0,
        0,
        0,
        null,
        null,
        1,
        0,
        0,
        null,
        0,
        null,
        null,
        null,
        1,
        0,
        null,
        1,
        0,
        0,
        0,
        0,
        0,
        0,
        null,
        0,
        0,
        null,
        null,
        1,
        0,
        0,
        0,
        0,
        0,
        0,
        null,
        0,
        0,
        null,
        null,
        0,
        0,
        0,
        null,
        0,
        null,
        0,
        0,
        0,
        0,
        null,
        0,
        0,
        0,
        0,
        null,
        1,
        0,
        null,
        null,
        null,
        1,
        1,
        5,
        5,
        5,
        5,
        null,
        1,
        0,
        null,
        1,
        0,
        null,
        1,
        null,
        null,
        1,
        0,
        0,
        0,
        0,
        0,
        0,
        0,
        0,
        0,
        0,
        null,
        null,
        0,
        null,
        null,
        null,
        null,
        null,
        1,
        0,
        0,
        0,
        null,
        0,
        0,
        0,
        0,
        0,
        0,
        0,
        null,
        null,
        1,
        4,
        4,
        null,
        4,
        null,
        11,
        11,
        null,
        null,
        4,
        16,
        16,
        44,
        21,
        null,
        null,
        16,
        13,
        null,
        3,
        null,
        null,
        4,
        1,
        null,
        3,
        null,
        null,
        null,
        1,
        0,
        0,
        0,
        0,
        0,
        0,
        null,
        null,
        null,
        null,
        null,
        null,
        1,
        0,
        0,
        0,
        0,
        0,
        0,
        0,
        0,
        0,
        0,
        0,
        null,
        null,
        0,
        null,
        null,
        null
      ],
      "/home/singh/Documents/Projects/gsingh95/tasks/r008/spec/nim_spec.rb": [
        1,
        1,
        1,
        null,
        1,
        1,
        5,
        null,
        null,
        null,
        null,
        1,
        1,
        1,
        1,
        null,
        null,
        null,
        1,
        1,
        null,
        null,
        1,
        1,
        null,
        null,
        1,
        1,
        null,
        null,
        1,
        2,
        0,
        null,
        null
      ],
      "/home/singh/Documents/Projects/gsingh95/tasks/r008/spec/fake_io.rb": [
        null,
        1,
        null,
        1,
        null,
        1,
        1,
        1,
        null,
        null,
        1,
        2085843,
        null,
        null,
        1,
        3,
        null,
        null,
        1,
        2085843,
        null,
        null,
        1,
        1,
        1,
        1,
        null,
        1,
        null,
        0,
        null,
        1,
        1,
        null,
        null
      ]
    },
    "timestamp": 1511425738
  }
}
