{
  "RSpec": {
    "coverage": {
      "/home/singh/Documents/Projects/gsingh95/tasks/r006/spec/heap_sort_spec.rb": [
        1,
        1,
        null,
        1,
        1,
        1,
        null,
        null,
        1,
        1,
        null,
        null,
        null,
        null,
        null,
        null,
        null,
        null,
        null,
        1,
        null,
        null,
        null,
        1,
        1,
        null,
        null
      ],
      "/home/singh/Documents/Projects/gsingh95/tasks/r006/heap_sort.rb": [
        1,
        1,
        null,
        1,
        3,
        null,
        null,
        1,
        3,
        3,
        3,
        17,
        17,
        17,
        null,
        3,
        null,
        null,
        1,
        3,
        null,
        3,
        9,
        9,
        null,
        null,
        null,
        1,
        26,
        26,
        33,
        33,
        null,
        33,
        26,
        null,
        null,
        33,
        12,
        null,
        null,
        33,
        28,
        28,
        null,
        5,
        null,
        null,
        null,
        null,
        null,
        null
      ]
    },
    "timestamp": 1509406860
  }
}
