{
  "RSpec": {
    "coverage": {
      "/home/singh/Documents/Projects/gsingh95/tasks/r006/spec/array_watcher_spec.rb": [
        1,
        1,
        null,
        1,
        1,
        1,
        1,
        null,
        null,
        1,
        1,
        1,
        null,
        null,
        1,
        1,
        1,
        null,
        null,
        1,
        1,
        1,
        null,
        null,
        1,
        1,
        1,
        1,
        null,
        null,
        1,
        1,
        1,
        1,
        1,
        1,
        1,
        null,
        null
      ],
      "/home/singh/Documents/Projects/gsingh95/tasks/r006/array_watcher.rb": [
        null,
        null,
        1,
        null,
        1,
        null,
        1,
        6,
        6,
        null,
        null,
        1,
        1,
        null,
        null,
        1,
        2,
        2,
        null,
        null,
        1,
        5,
        5,
        null,
        null
      ]
    },
    "timestamp": 1509418506
  }
}
